[0m17:14:48.898047 [debug] [MainThread]: Sending event: {'category': 'dbt', 'action': 'invocation', 'label': 'start', 'context': [<snowplow_tracker.self_describing_json.SelfDescribingJson object at 0x10e6d6e50>, <snowplow_tracker.self_describing_json.SelfDescribingJson object at 0x10e669fd0>, <snowplow_tracker.self_describing_json.SelfDescribingJson object at 0x10e6f2f90>]}


============================== 17:14:48.910287 | 511f34f9-1ff6-4699-8473-afda8f511b4e ==============================
[0m17:14:48.910287 [info ] [MainThread]: Running with dbt=1.11.7
[0m17:14:48.913164 [debug] [MainThread]: running dbt with arguments {'cache_selected_only': 'False', 'warn_error_options': 'WarnErrorOptionsV2(error=[], warn=[], silence=[])', 'send_anonymous_usage_stats': 'True', 'partial_parse': 'True', 'target_path': 'None', 'indirect_selection': 'eager', 'log_format': 'default', 'quiet': 'False', 'printer_width': '80', 'use_colors': 'True', 'log_path': 'logs', 'invocation_command': 'dbt init db', 'empty': 'None', 'use_experimental_parser': 'False', 'debug': 'False', 'profiles_dir': '/Users/gokulchandmallampati/.dbt', 'warn_error': 'None', 'introspect': 'True', 'version_check': 'True', 'log_cache_events': 'False', 'no_print': 'None', 'fail_fast': 'False', 'write_json': 'True', 'static_parser': 'True'}
[0m17:14:48.954604 [info ] [MainThread]: Creating dbt configuration folder at /Users/gokulchandmallampati/.dbt
[0m17:14:48.958517 [debug] [MainThread]: Starter project path: /Users/anaconda3/lib/python3.11/site-packages/dbt/include/starter_project
[0m17:14:48.969541 [info ] [MainThread]: 
Your new dbt project "db" was created!

For more information on how to configure the profiles.yml file,
please consult the dbt documentation here:

  https://docs.getdbt.com/docs/configure-your-profile

One more thing:

Need help? Don't hesitate to reach out to us via GitHub issues or on Slack:

  https://community.getdbt.com/

Happy modeling!

[0m17:14:48.970127 [info ] [MainThread]: Setting up your profile.
[0m17:16:11.503647 [info ] [MainThread]: Profile db written to /Users/gokulchandmallampati/.dbt/profiles.yml using target's profile_template.yml and your supplied values. Run 'dbt debug' to validate the connection.
[0m17:16:11.544614 [debug] [MainThread]: Resource report: {"command_name": "init", "command_success": true, "command_wall_clock_time": 83.05425, "process_in_blocks": "0", "process_kernel_time": 0.628565, "process_mem_max_rss": "103682048", "process_out_blocks": "0", "process_user_time": 1.1564}
[0m17:16:11.548735 [debug] [MainThread]: Command `dbt init` succeeded at 17:16:11.546721 after 83.06 seconds
[0m17:16:11.550877 [debug] [MainThread]: Sending event: {'category': 'dbt', 'action': 'invocation', 'label': 'end', 'context': [<snowplow_tracker.self_describing_json.SelfDescribingJson object at 0x10e70b390>, <snowplow_tracker.self_describing_json.SelfDescribingJson object at 0x10e70ba90>, <snowplow_tracker.self_describing_json.SelfDescribingJson object at 0x10e805d10>]}
[0m17:16:11.552274 [debug] [MainThread]: Flushing usage events
[0m17:16:11.995191 [debug] [MainThread]: An error was encountered while trying to flush usage events
